[debug] [2021-07-28T21:16:16.655Z] ----------------------------------------------------------------------
[debug] [2021-07-28T21:16:16.657Z] Command:       C:\Program Files\nodejs\node.exe C:\Users\palst\AppData\Roaming\npm\node_modules\firebase-tools\lib\bin\firebase.js deploy
[debug] [2021-07-28T21:16:16.657Z] CLI Version:   7.16.1
[debug] [2021-07-28T21:16:16.657Z] Platform:      win32
[debug] [2021-07-28T21:16:16.657Z] Node Version:  v10.24.0
[debug] [2021-07-28T21:16:16.659Z] Time:          Thu Jul 29 2021 00:16:16 GMT+0300 (GMT+03:00)
[debug] [2021-07-28T21:16:16.659Z] ----------------------------------------------------------------------
[debug] [2021-07-28T21:16:16.659Z] 
[debug] [2021-07-28T21:16:16.672Z] > command requires scopes: ["email","openid","https://www.googleapis.com/auth/cloudplatformprojects.readonly","https://www.googleapis.com/auth/firebase","https://www.googleapis.com/auth/cloud-platform"]
[debug] [2021-07-28T21:16:16.673Z] > authorizing via signed-in user
[debug] [2021-07-28T21:16:16.673Z] [iam] checking project reactportfolio-c6aa5 for permissions ["firebase.projects.get","firebasehosting.sites.update"]
[debug] [2021-07-28T21:16:16.675Z] > refreshing access token with scopes: ["email","https://www.googleapis.com/auth/cloud-platform","https://www.googleapis.com/auth/cloudplatformprojects.readonly","https://www.googleapis.com/auth/firebase","openid"]
[debug] [2021-07-28T21:16:16.675Z] >>> HTTP REQUEST POST https://www.googleapis.com/oauth2/v3/token  
 <request body omitted>
[debug] [2021-07-28T21:16:16.766Z] <<< HTTP RESPONSE 400
[debug] [2021-07-28T21:16:16.767Z] >>> HTTP REQUEST POST https://cloudresourcemanager.googleapis.com/v1/projects/reactportfolio-c6aa5:testIamPermissions  

[debug] [2021-07-28T21:16:17.625Z] <<< HTTP RESPONSE 401
[debug] [2021-07-28T21:16:17.626Z] <<< HTTP RESPONSE BODY
[debug] [2021-07-28T21:16:17.629Z] [iam] error while checking permissions, command may fail: FirebaseError: HTTP Error: 401, Request had invalid authentication credentials. Expected OAuth 2 access token, login cookie or other valid authentication credential. See https://developers.google.com/identity/sign-in/web/devconsole-project.
[debug] [2021-07-28T21:16:17.630Z] > refreshing access token with scopes: ["email","https://www.googleapis.com/auth/cloud-platform","https://www.googleapis.com/auth/cloudplatformprojects.readonly","https://www.googleapis.com/auth/firebase","openid"]
[debug] [2021-07-28T21:16:17.630Z] >>> HTTP REQUEST POST https://www.googleapis.com/oauth2/v3/token  
 <request body omitted>
[debug] [2021-07-28T21:16:17.671Z] <<< HTTP RESPONSE 400
[debug] [2021-07-28T21:16:17.671Z] >>> HTTP REQUEST GET https://firebase.googleapis.com/v1beta1/projects/reactportfolio-c6aa5  
 
[debug] [2021-07-28T21:16:17.732Z] <<< HTTP RESPONSE 401
[debug] [2021-07-28T21:16:17.732Z] <<< HTTP RESPONSE BODY
[debug] [2021-07-28T21:16:17.732Z] HTTP Error: 401, Request had invalid authentication credentials. Expected OAuth 2 access token, login cookie or other valid authentication credential. See https://developers.google.com/identity/sign-in/web/devconsole-project.
[debug] [2021-07-28T21:16:17.734Z] FirebaseError: HTTP Error: 401, Request had invalid authentication credentials. Expected OAuth 2 access token, login cookie or other valid authentication credential. See https://developers.google.com/identity/sign-in/web/devconsole-project.
    at module.exports (C:\Users\palst\AppData\Roaming\npm\node_modules\firebase-tools\lib\responseToError.js:38:12)
    at Request._callback (C:\Users\palst\AppData\Roaming\npm\node_modules\firebase-tools\lib\api.js:40:35)
    at Request.self.callback (C:\Users\palst\AppData\Roaming\npm\node_modules\firebase-tools\node_modules\request\request.js:185:22)
    at Request.emit (events.js:198:13)
    at Request.EventEmitter.emit (domain.js:448:20)
    at Request.<anonymous> (C:\Users\palst\AppData\Roaming\npm\node_modules\firebase-tools\node_modules\request\request.js:1154:10)
    at Request.emit (events.js:198:13)
    at Request.EventEmitter.emit (domain.js:448:20)
    at IncomingMessage.<anonymous> (C:\Users\palst\AppData\Roaming\npm\node_modules\firebase-tools\node_modules\request\request.js:1076:12)
    at Object.onceWrapper (events.js:286:20)
    at IncomingMessage.emit (events.js:203:15)
    at IncomingMessage.EventEmitter.emit (domain.js:448:20)
    at endReadableNT (_stream_readable.js:1145:12)
    at process._tickCallback (internal/process/next_tick.js:63:19)
[error] 
[error] Error: Failed to get Firebase project reactportfolio-c6aa5. Please make sure the project exists and your account has permission to access it.
